********************** Логирование событий ClientHandler **********************
16 февр. 2022 07:06:43,978 [pool-2-thread-1] INFO  AUTH
16 февр. 2022 07:06:43,980 [pool-2-thread-1] INFO  authOkCommand
16 февр. 2022 07:07:06,802 [pool-2-thread-2] INFO  AUTH
16 февр. 2022 07:07:06,803 [pool-2-thread-2] INFO  authOkCommand
16 февр. 2022 07:07:35,617 [pool-2-thread-3] INFO  AUTH
16 февр. 2022 07:07:35,618 [pool-2-thread-3] INFO  authOkCommand
16 февр. 2022 07:07:47,431 [pool-2-thread-4] INFO  AUTH
16 февр. 2022 07:07:47,433 [pool-2-thread-4] INFO  authOkCommand
16 февр. 2022 07:10:31,113 [pool-2-thread-4] INFO  Public message
16 февр. 2022 07:10:50,497 [pool-2-thread-1] INFO  Private message
16 февр. 2022 07:11:14,545 [pool-2-thread-3] INFO  Private message
16 февр. 2022 07:11:26,706 [pool-2-thread-1] ERROR Failed to process message from client
java.io.EOFException: null
	at java.io.ObjectInputStream$BlockDataInputStream.peekByte(ObjectInputStream.java:3192) ~[?:?]
	at java.io.ObjectInputStream.readObject0(ObjectInputStream.java:1693) ~[?:?]
	at java.io.ObjectInputStream.readObject(ObjectInputStream.java:514) ~[?:?]
	at java.io.ObjectInputStream.readObject(ObjectInputStream.java:472) ~[?:?]
	at server.chat.ClientHandler.readCommand(ClientHandler.java:125) ~[classes/:?]
	at server.chat.ClientHandler.readMessages(ClientHandler.java:142) ~[classes/:?]
	at server.chat.ClientHandler.lambda$handle$0(ClientHandler.java:44) ~[classes/:?]
	at java.util.concurrent.ThreadPoolExecutor.runWorker(ThreadPoolExecutor.java:1136) [?:?]
	at java.util.concurrent.ThreadPoolExecutor$Worker.run(ThreadPoolExecutor.java:635) [?:?]
	at java.lang.Thread.run(Thread.java:833) [?:?]
16 февр. 2022 07:11:36,125 [pool-2-thread-2] INFO  End
16 февр. 2022 07:11:48,164 [pool-2-thread-3] ERROR Failed to process message from client
java.io.EOFException: null
	at java.io.ObjectInputStream$BlockDataInputStream.peekByte(ObjectInputStream.java:3192) ~[?:?]
	at java.io.ObjectInputStream.readObject0(ObjectInputStream.java:1693) ~[?:?]
	at java.io.ObjectInputStream.readObject(ObjectInputStream.java:514) ~[?:?]
	at java.io.ObjectInputStream.readObject(ObjectInputStream.java:472) ~[?:?]
	at server.chat.ClientHandler.readCommand(ClientHandler.java:125) ~[classes/:?]
	at server.chat.ClientHandler.readMessages(ClientHandler.java:142) ~[classes/:?]
	at server.chat.ClientHandler.lambda$handle$0(ClientHandler.java:44) ~[classes/:?]
	at java.util.concurrent.ThreadPoolExecutor.runWorker(ThreadPoolExecutor.java:1136) [?:?]
	at java.util.concurrent.ThreadPoolExecutor$Worker.run(ThreadPoolExecutor.java:635) [?:?]
	at java.lang.Thread.run(Thread.java:833) [?:?]
16 февр. 2022 07:12:05,082 [pool-2-thread-3] INFO  AUTH
16 февр. 2022 07:12:05,082 [pool-2-thread-3] INFO  errorCommand
16 февр. 2022 07:12:17,367 [pool-2-thread-3] INFO  AUTH
16 февр. 2022 07:12:17,368 [pool-2-thread-3] INFO  authOkCommand
16 февр. 2022 07:12:41,931 [pool-2-thread-4] INFO  Public message
16 февр. 2022 07:13:04,339 [pool-2-thread-3] INFO  Private message
16 февр. 2022 07:13:21,628 [pool-2-thread-4] INFO  Private message
16 февр. 2022 07:13:35,285 [pool-2-thread-4] INFO  End
16 февр. 2022 07:13:38,934 [pool-2-thread-3] ERROR Failed to process message from client
java.io.EOFException: null
	at java.io.ObjectInputStream$BlockDataInputStream.peekByte(ObjectInputStream.java:3192) ~[?:?]
	at java.io.ObjectInputStream.readObject0(ObjectInputStream.java:1693) ~[?:?]
	at java.io.ObjectInputStream.readObject(ObjectInputStream.java:514) ~[?:?]
	at java.io.ObjectInputStream.readObject(ObjectInputStream.java:472) ~[?:?]
	at server.chat.ClientHandler.readCommand(ClientHandler.java:125) ~[classes/:?]
	at server.chat.ClientHandler.readMessages(ClientHandler.java:142) ~[classes/:?]
	at server.chat.ClientHandler.lambda$handle$0(ClientHandler.java:44) ~[classes/:?]
	at java.util.concurrent.ThreadPoolExecutor.runWorker(ThreadPoolExecutor.java:1136) [?:?]
	at java.util.concurrent.ThreadPoolExecutor$Worker.run(ThreadPoolExecutor.java:635) [?:?]
	at java.lang.Thread.run(Thread.java:833) [?:?]
16 февр. 2022 07:14:05,701 [pool-2-thread-3] INFO  AUTH
16 февр. 2022 07:14:05,702 [pool-2-thread-3] INFO  authOkCommand
16 февр. 2022 07:14:50,413 [pool-2-thread-5] INFO  AUTH
16 февр. 2022 07:14:50,414 [pool-2-thread-5] INFO  authOkCommand
16 февр. 2022 07:15:11,698 [pool-2-thread-5] INFO  End
16 февр. 2022 07:15:38,689 [pool-2-thread-3] INFO  Public message
16 февр. 2022 07:15:44,592 [pool-2-thread-3] INFO  Private message
16 февр. 2022 07:15:57,729 [pool-2-thread-3] INFO  End
