********************** Логирование всех событий на сервере **********************
16 февр. 2022 07:06:15,526 [           main] INFO       MyServer - Server has been started
16 февр. 2022 07:06:15,767 [           main] INFO       MyServer - Waiting for new client connection
16 февр. 2022 07:06:43,958 [           main] INFO       MyServer - Client has been connected
16 февр. 2022 07:06:43,966 [           main] INFO       MyServer - Waiting for new client connection
16 февр. 2022 07:06:43,978 [pool-2-thread-1] INFO  ClientHandler - AUTH
16 февр. 2022 07:06:43,980 [pool-2-thread-1] INFO  ClientHandler - authOkCommand
16 февр. 2022 07:06:44,090 [pool-2-thread-1] INFO       MyServer - updateUserListCommand
16 февр. 2022 07:07:06,791 [           main] INFO       MyServer - Client has been connected
16 февр. 2022 07:07:06,793 [           main] INFO       MyServer - Waiting for new client connection
16 февр. 2022 07:07:06,802 [pool-2-thread-2] INFO  ClientHandler - AUTH
16 февр. 2022 07:07:06,803 [pool-2-thread-2] INFO  ClientHandler - authOkCommand
16 февр. 2022 07:07:06,914 [pool-2-thread-2] INFO       MyServer - updateUserListCommand
16 февр. 2022 07:07:06,932 [pool-2-thread-2] INFO       MyServer - updateUserListCommand
16 февр. 2022 07:07:35,606 [           main] INFO       MyServer - Client has been connected
16 февр. 2022 07:07:35,608 [           main] INFO       MyServer - Waiting for new client connection
16 февр. 2022 07:07:35,617 [pool-2-thread-3] INFO  ClientHandler - AUTH
16 февр. 2022 07:07:35,618 [pool-2-thread-3] INFO  ClientHandler - authOkCommand
16 февр. 2022 07:07:35,724 [pool-2-thread-3] INFO       MyServer - updateUserListCommand
16 февр. 2022 07:07:35,725 [pool-2-thread-3] INFO       MyServer - updateUserListCommand
16 февр. 2022 07:07:35,727 [pool-2-thread-3] INFO       MyServer - updateUserListCommand
16 февр. 2022 07:07:47,420 [           main] INFO       MyServer - Client has been connected
16 февр. 2022 07:07:47,422 [           main] INFO       MyServer - Waiting for new client connection
16 февр. 2022 07:07:47,431 [pool-2-thread-4] INFO  ClientHandler - AUTH
16 февр. 2022 07:07:47,433 [pool-2-thread-4] INFO  ClientHandler - authOkCommand
16 февр. 2022 07:07:47,568 [pool-2-thread-4] INFO       MyServer - updateUserListCommand
16 февр. 2022 07:07:47,569 [pool-2-thread-4] INFO       MyServer - updateUserListCommand
16 февр. 2022 07:07:47,570 [pool-2-thread-4] INFO       MyServer - updateUserListCommand
16 февр. 2022 07:07:47,572 [pool-2-thread-4] INFO       MyServer - updateUserListCommand
16 февр. 2022 07:10:31,113 [pool-2-thread-4] INFO  ClientHandler - Public message
16 февр. 2022 07:10:31,114 [pool-2-thread-4] INFO       MyServer - clientMessageCommand
16 февр. 2022 07:10:31,115 [pool-2-thread-4] INFO       MyServer - clientMessageCommand
16 февр. 2022 07:10:31,117 [pool-2-thread-4] INFO       MyServer - clientMessageCommand
16 февр. 2022 07:10:50,497 [pool-2-thread-1] INFO  ClientHandler - Private message
16 февр. 2022 07:10:50,497 [pool-2-thread-1] INFO       MyServer - clientMessageCommand
16 февр. 2022 07:11:14,545 [pool-2-thread-3] INFO  ClientHandler - Private message
16 февр. 2022 07:11:14,545 [pool-2-thread-3] INFO       MyServer - clientMessageCommand
16 февр. 2022 07:11:26,706 [pool-2-thread-1] ERROR ClientHandler - Failed to process message from client
java.io.EOFException: null
	at java.io.ObjectInputStream$BlockDataInputStream.peekByte(ObjectInputStream.java:3192) ~[?:?]
	at java.io.ObjectInputStream.readObject0(ObjectInputStream.java:1693) ~[?:?]
	at java.io.ObjectInputStream.readObject(ObjectInputStream.java:514) ~[?:?]
	at java.io.ObjectInputStream.readObject(ObjectInputStream.java:472) ~[?:?]
	at server.chat.ClientHandler.readCommand(ClientHandler.java:125) ~[classes/:?]
	at server.chat.ClientHandler.readMessages(ClientHandler.java:142) ~[classes/:?]
	at server.chat.ClientHandler.lambda$handle$0(ClientHandler.java:44) ~[classes/:?]
	at java.util.concurrent.ThreadPoolExecutor.runWorker(ThreadPoolExecutor.java:1136) [?:?]
	at java.util.concurrent.ThreadPoolExecutor$Worker.run(ThreadPoolExecutor.java:635) [?:?]
	at java.lang.Thread.run(Thread.java:833) [?:?]
16 февр. 2022 07:11:26,730 [pool-2-thread-1] INFO       MyServer - updateUserListCommand
16 февр. 2022 07:11:26,731 [pool-2-thread-1] INFO       MyServer - updateUserListCommand
16 февр. 2022 07:11:26,733 [pool-2-thread-1] INFO       MyServer - updateUserListCommand
16 февр. 2022 07:11:36,125 [pool-2-thread-2] INFO  ClientHandler - End
16 февр. 2022 07:11:36,125 [pool-2-thread-2] INFO       MyServer - updateUserListCommand
16 февр. 2022 07:11:36,126 [pool-2-thread-2] INFO       MyServer - updateUserListCommand
16 февр. 2022 07:11:48,164 [pool-2-thread-3] ERROR ClientHandler - Failed to process message from client
java.io.EOFException: null
	at java.io.ObjectInputStream$BlockDataInputStream.peekByte(ObjectInputStream.java:3192) ~[?:?]
	at java.io.ObjectInputStream.readObject0(ObjectInputStream.java:1693) ~[?:?]
	at java.io.ObjectInputStream.readObject(ObjectInputStream.java:514) ~[?:?]
	at java.io.ObjectInputStream.readObject(ObjectInputStream.java:472) ~[?:?]
	at server.chat.ClientHandler.readCommand(ClientHandler.java:125) ~[classes/:?]
	at server.chat.ClientHandler.readMessages(ClientHandler.java:142) ~[classes/:?]
	at server.chat.ClientHandler.lambda$handle$0(ClientHandler.java:44) ~[classes/:?]
	at java.util.concurrent.ThreadPoolExecutor.runWorker(ThreadPoolExecutor.java:1136) [?:?]
	at java.util.concurrent.ThreadPoolExecutor$Worker.run(ThreadPoolExecutor.java:635) [?:?]
	at java.lang.Thread.run(Thread.java:833) [?:?]
16 февр. 2022 07:11:48,165 [pool-2-thread-3] INFO       MyServer - updateUserListCommand
16 февр. 2022 07:12:05,080 [           main] INFO       MyServer - Client has been connected
16 февр. 2022 07:12:05,081 [           main] INFO       MyServer - Waiting for new client connection
16 февр. 2022 07:12:05,082 [pool-2-thread-3] INFO  ClientHandler - AUTH
16 февр. 2022 07:12:05,082 [pool-2-thread-3] INFO  ClientHandler - errorCommand
16 февр. 2022 07:12:17,367 [pool-2-thread-3] INFO  ClientHandler - AUTH
16 февр. 2022 07:12:17,368 [pool-2-thread-3] INFO  ClientHandler - authOkCommand
16 февр. 2022 07:12:17,472 [pool-2-thread-3] INFO       MyServer - updateUserListCommand
16 февр. 2022 07:12:17,473 [pool-2-thread-3] INFO       MyServer - updateUserListCommand
16 февр. 2022 07:12:41,931 [pool-2-thread-4] INFO  ClientHandler - Public message
16 февр. 2022 07:12:41,932 [pool-2-thread-4] INFO       MyServer - clientMessageCommand
16 февр. 2022 07:13:04,339 [pool-2-thread-3] INFO  ClientHandler - Private message
16 февр. 2022 07:13:04,339 [pool-2-thread-3] INFO       MyServer - clientMessageCommand
16 февр. 2022 07:13:21,628 [pool-2-thread-4] INFO  ClientHandler - Private message
16 февр. 2022 07:13:21,629 [pool-2-thread-4] INFO       MyServer - clientMessageCommand
16 февр. 2022 07:13:35,285 [pool-2-thread-4] INFO  ClientHandler - End
16 февр. 2022 07:13:35,286 [pool-2-thread-4] INFO       MyServer - updateUserListCommand
16 февр. 2022 07:13:38,934 [pool-2-thread-3] ERROR ClientHandler - Failed to process message from client
java.io.EOFException: null
	at java.io.ObjectInputStream$BlockDataInputStream.peekByte(ObjectInputStream.java:3192) ~[?:?]
	at java.io.ObjectInputStream.readObject0(ObjectInputStream.java:1693) ~[?:?]
	at java.io.ObjectInputStream.readObject(ObjectInputStream.java:514) ~[?:?]
	at java.io.ObjectInputStream.readObject(ObjectInputStream.java:472) ~[?:?]
	at server.chat.ClientHandler.readCommand(ClientHandler.java:125) ~[classes/:?]
	at server.chat.ClientHandler.readMessages(ClientHandler.java:142) ~[classes/:?]
	at server.chat.ClientHandler.lambda$handle$0(ClientHandler.java:44) ~[classes/:?]
	at java.util.concurrent.ThreadPoolExecutor.runWorker(ThreadPoolExecutor.java:1136) [?:?]
	at java.util.concurrent.ThreadPoolExecutor$Worker.run(ThreadPoolExecutor.java:635) [?:?]
	at java.lang.Thread.run(Thread.java:833) [?:?]
16 февр. 2022 07:14:05,690 [           main] INFO       MyServer - Client has been connected
16 февр. 2022 07:14:05,691 [           main] INFO       MyServer - Waiting for new client connection
16 февр. 2022 07:14:05,701 [pool-2-thread-3] INFO  ClientHandler - AUTH
16 февр. 2022 07:14:05,702 [pool-2-thread-3] INFO  ClientHandler - authOkCommand
16 февр. 2022 07:14:05,810 [pool-2-thread-3] INFO       MyServer - updateUserListCommand
16 февр. 2022 07:14:50,402 [           main] INFO       MyServer - Client has been connected
16 февр. 2022 07:14:50,403 [           main] INFO       MyServer - Waiting for new client connection
16 февр. 2022 07:14:50,413 [pool-2-thread-5] INFO  ClientHandler - AUTH
16 февр. 2022 07:14:50,414 [pool-2-thread-5] INFO  ClientHandler - authOkCommand
16 февр. 2022 07:14:50,525 [pool-2-thread-5] INFO       MyServer - updateUserListCommand
16 февр. 2022 07:14:50,526 [pool-2-thread-5] INFO       MyServer - updateUserListCommand
16 февр. 2022 07:15:11,698 [pool-2-thread-5] INFO  ClientHandler - End
16 февр. 2022 07:15:11,699 [pool-2-thread-5] INFO       MyServer - updateUserListCommand
16 февр. 2022 07:15:38,689 [pool-2-thread-3] INFO  ClientHandler - Public message
16 февр. 2022 07:15:44,592 [pool-2-thread-3] INFO  ClientHandler - Private message
16 февр. 2022 07:15:57,729 [pool-2-thread-3] INFO  ClientHandler - End
